mode: set
github.com/MakaroffAV/backend-bootcamp-assignment-2024/cmd/main.go:10.13,12.16 2 0
github.com/MakaroffAV/backend-bootcamp-assignment-2024/cmd/main.go:12.16,13.13 1 0
github.com/MakaroffAV/backend-bootcamp-assignment-2024/cmd/main.go:15.2,38.8 4 0
github.com/MakaroffAV/backend-bootcamp-assignment-2024/internal/server/server.go:24.10,33.2 1 0
github.com/MakaroffAV/backend-bootcamp-assignment-2024/internal/server/server.go:35.28,45.22 3 0
github.com/MakaroffAV/backend-bootcamp-assignment-2024/internal/server/server.go:45.22,47.3 1 0
github.com/MakaroffAV/backend-bootcamp-assignment-2024/internal/server/server.go:48.2,48.41 1 0
github.com/MakaroffAV/backend-bootcamp-assignment-2024/internal/server/handler/login/login.go:15.46,19.2 1 0
github.com/MakaroffAV/backend-bootcamp-assignment-2024/internal/server/handler/login/login.go:22.61,35.16 3 0
github.com/MakaroffAV/backend-bootcamp-assignment-2024/internal/server/handler/login/login.go:35.16,36.13 1 0
github.com/MakaroffAV/backend-bootcamp-assignment-2024/internal/server/handler/login/login.go:39.2,39.17 1 0
github.com/MakaroffAV/backend-bootcamp-assignment-2024/internal/server/handler/login/login.go:39.17,43.3 1 0
github.com/MakaroffAV/backend-bootcamp-assignment-2024/internal/server/handler/login/login.go:45.2,46.38 2 0
github.com/MakaroffAV/backend-bootcamp-assignment-2024/internal/server/handler/login/login.go:46.38,47.13 1 0
github.com/MakaroffAV/backend-bootcamp-assignment-2024/internal/server/handler/login/login.go:51.67,59.16 3 0
github.com/MakaroffAV/backend-bootcamp-assignment-2024/internal/server/handler/login/login.go:59.16,60.13 1 0
github.com/MakaroffAV/backend-bootcamp-assignment-2024/internal/server/handler/login/login.go:63.2,64.38 2 0
github.com/MakaroffAV/backend-bootcamp-assignment-2024/internal/server/handler/login/login.go:64.38,65.13 1 0
github.com/MakaroffAV/backend-bootcamp-assignment-2024/internal/server/handler/login/login.go:69.62,78.37 4 0
github.com/MakaroffAV/backend-bootcamp-assignment-2024/internal/server/handler/login/login.go:78.37,83.3 2 0
github.com/MakaroffAV/backend-bootcamp-assignment-2024/internal/server/handler/login/login.go:85.2,86.16 2 0
github.com/MakaroffAV/backend-bootcamp-assignment-2024/internal/server/handler/login/login.go:86.16,91.3 2 0
github.com/MakaroffAV/backend-bootcamp-assignment-2024/internal/server/handler/login/login.go:93.2,93.51 1 0
github.com/MakaroffAV/backend-bootcamp-assignment-2024/internal/server/handler/login/login.go:93.51,97.3 1 0
github.com/MakaroffAV/backend-bootcamp-assignment-2024/internal/server/handler/login/login.go:97.8,101.3 1 0
github.com/MakaroffAV/backend-bootcamp-assignment-2024/internal/server/handler/login/login.go:103.67,109.16 3 0
github.com/MakaroffAV/backend-bootcamp-assignment-2024/internal/server/handler/login/login.go:109.16,111.3 1 0
github.com/MakaroffAV/backend-bootcamp-assignment-2024/internal/server/handler/login/login.go:111.8,116.3 1 0
github.com/MakaroffAV/backend-bootcamp-assignment-2024/internal/server/handler/register/register.go:15.58,19.2 1 0
github.com/MakaroffAV/backend-bootcamp-assignment-2024/internal/server/handler/register/register.go:21.62,31.37 4 0
github.com/MakaroffAV/backend-bootcamp-assignment-2024/internal/server/handler/register/register.go:31.37,36.3 2 0
github.com/MakaroffAV/backend-bootcamp-assignment-2024/internal/server/handler/register/register.go:38.2,38.60 1 0
github.com/MakaroffAV/backend-bootcamp-assignment-2024/internal/server/handler/register/register.go:38.60,42.3 1 0
github.com/MakaroffAV/backend-bootcamp-assignment-2024/internal/server/handler/register/register.go:42.8,46.3 1 0
github.com/MakaroffAV/backend-bootcamp-assignment-2024/internal/server/handler/register/register.go:50.61,63.16 3 0
github.com/MakaroffAV/backend-bootcamp-assignment-2024/internal/server/handler/register/register.go:63.16,64.13 1 0
github.com/MakaroffAV/backend-bootcamp-assignment-2024/internal/server/handler/register/register.go:67.2,67.17 1 0
github.com/MakaroffAV/backend-bootcamp-assignment-2024/internal/server/handler/register/register.go:67.17,71.3 1 0
github.com/MakaroffAV/backend-bootcamp-assignment-2024/internal/server/handler/register/register.go:73.2,74.38 2 0
github.com/MakaroffAV/backend-bootcamp-assignment-2024/internal/server/handler/register/register.go:74.38,75.13 1 0
github.com/MakaroffAV/backend-bootcamp-assignment-2024/internal/server/handler/register/register.go:79.67,87.16 3 0
github.com/MakaroffAV/backend-bootcamp-assignment-2024/internal/server/handler/register/register.go:87.16,88.13 1 0
github.com/MakaroffAV/backend-bootcamp-assignment-2024/internal/server/handler/register/register.go:91.2,92.38 2 0
github.com/MakaroffAV/backend-bootcamp-assignment-2024/internal/server/handler/register/register.go:92.38,93.13 1 0
github.com/MakaroffAV/backend-bootcamp-assignment-2024/internal/server/handler/house/house.go:18.71,23.2 1 0
github.com/MakaroffAV/backend-bootcamp-assignment-2024/internal/server/handler/house/house.go:25.62,30.16 3 0
github.com/MakaroffAV/backend-bootcamp-assignment-2024/internal/server/handler/house/house.go:30.16,35.3 2 0
github.com/MakaroffAV/backend-bootcamp-assignment-2024/internal/server/handler/house/house.go:39.2,40.16 2 0
github.com/MakaroffAV/backend-bootcamp-assignment-2024/internal/server/handler/house/house.go:40.16,45.3 2 0
github.com/MakaroffAV/backend-bootcamp-assignment-2024/internal/server/handler/house/house.go:48.2,48.49 1 0
github.com/MakaroffAV/backend-bootcamp-assignment-2024/internal/server/handler/house/house.go:48.49,52.3 1 0
github.com/MakaroffAV/backend-bootcamp-assignment-2024/internal/server/handler/house/house.go:52.8,56.3 1 0
github.com/MakaroffAV/backend-bootcamp-assignment-2024/internal/server/handler/house/house.go:59.63,65.16 3 0
github.com/MakaroffAV/backend-bootcamp-assignment-2024/internal/server/handler/house/house.go:65.16,70.3 2 0
github.com/MakaroffAV/backend-bootcamp-assignment-2024/internal/server/handler/house/house.go:73.2,81.37 3 0
github.com/MakaroffAV/backend-bootcamp-assignment-2024/internal/server/handler/house/house.go:81.37,86.3 2 0
github.com/MakaroffAV/backend-bootcamp-assignment-2024/internal/server/handler/house/house.go:90.2,90.68 1 0
github.com/MakaroffAV/backend-bootcamp-assignment-2024/internal/server/handler/house/house.go:90.68,94.3 1 0
github.com/MakaroffAV/backend-bootcamp-assignment-2024/internal/server/handler/house/house.go:94.8,98.3 1 0
github.com/MakaroffAV/backend-bootcamp-assignment-2024/internal/server/handler/house/house.go:102.61,115.16 3 0
github.com/MakaroffAV/backend-bootcamp-assignment-2024/internal/server/handler/house/house.go:115.16,116.13 1 0
github.com/MakaroffAV/backend-bootcamp-assignment-2024/internal/server/handler/house/house.go:119.2,119.17 1 0
github.com/MakaroffAV/backend-bootcamp-assignment-2024/internal/server/handler/house/house.go:119.17,123.3 1 0
github.com/MakaroffAV/backend-bootcamp-assignment-2024/internal/server/handler/house/house.go:125.2,126.38 2 0
github.com/MakaroffAV/backend-bootcamp-assignment-2024/internal/server/handler/house/house.go:126.38,127.13 1 0
github.com/MakaroffAV/backend-bootcamp-assignment-2024/internal/server/handler/house/house.go:131.73,139.16 3 0
github.com/MakaroffAV/backend-bootcamp-assignment-2024/internal/server/handler/house/house.go:139.16,140.13 1 0
github.com/MakaroffAV/backend-bootcamp-assignment-2024/internal/server/handler/house/house.go:143.2,144.38 2 0
github.com/MakaroffAV/backend-bootcamp-assignment-2024/internal/server/handler/house/house.go:144.38,145.13 1 0
github.com/MakaroffAV/backend-bootcamp-assignment-2024/internal/server/handler/house/house.go:149.77,151.16 2 0
github.com/MakaroffAV/backend-bootcamp-assignment-2024/internal/server/handler/house/house.go:151.16,152.13 1 0
github.com/MakaroffAV/backend-bootcamp-assignment-2024/internal/server/handler/house/house.go:155.2,156.38 2 0
github.com/MakaroffAV/backend-bootcamp-assignment-2024/internal/server/handler/house/house.go:156.38,157.13 1 0
github.com/MakaroffAV/backend-bootcamp-assignment-2024/internal/server/handler/flat/flat.go:17.68,22.2 1 0
github.com/MakaroffAV/backend-bootcamp-assignment-2024/internal/server/handler/flat/flat.go:24.62,30.16 3 0
github.com/MakaroffAV/backend-bootcamp-assignment-2024/internal/server/handler/flat/flat.go:30.16,35.3 2 0
github.com/MakaroffAV/backend-bootcamp-assignment-2024/internal/server/handler/flat/flat.go:42.2,50.37 3 0
github.com/MakaroffAV/backend-bootcamp-assignment-2024/internal/server/handler/flat/flat.go:50.37,55.3 2 0
github.com/MakaroffAV/backend-bootcamp-assignment-2024/internal/server/handler/flat/flat.go:58.2,58.63 1 0
github.com/MakaroffAV/backend-bootcamp-assignment-2024/internal/server/handler/flat/flat.go:58.63,62.3 1 0
github.com/MakaroffAV/backend-bootcamp-assignment-2024/internal/server/handler/flat/flat.go:62.8,66.3 1 0
github.com/MakaroffAV/backend-bootcamp-assignment-2024/internal/server/handler/flat/flat.go:68.62,74.16 3 0
github.com/MakaroffAV/backend-bootcamp-assignment-2024/internal/server/handler/flat/flat.go:74.16,79.3 2 0
github.com/MakaroffAV/backend-bootcamp-assignment-2024/internal/server/handler/flat/flat.go:85.2,94.37 3 0
github.com/MakaroffAV/backend-bootcamp-assignment-2024/internal/server/handler/flat/flat.go:94.37,99.3 2 0
github.com/MakaroffAV/backend-bootcamp-assignment-2024/internal/server/handler/flat/flat.go:102.2,102.68 1 0
github.com/MakaroffAV/backend-bootcamp-assignment-2024/internal/server/handler/flat/flat.go:102.68,106.3 1 0
github.com/MakaroffAV/backend-bootcamp-assignment-2024/internal/server/handler/flat/flat.go:106.8,110.3 1 0
github.com/MakaroffAV/backend-bootcamp-assignment-2024/internal/server/handler/flat/flat.go:115.61,128.16 3 0
github.com/MakaroffAV/backend-bootcamp-assignment-2024/internal/server/handler/flat/flat.go:128.16,129.13 1 0
github.com/MakaroffAV/backend-bootcamp-assignment-2024/internal/server/handler/flat/flat.go:132.2,132.17 1 0
github.com/MakaroffAV/backend-bootcamp-assignment-2024/internal/server/handler/flat/flat.go:132.17,136.3 1 0
github.com/MakaroffAV/backend-bootcamp-assignment-2024/internal/server/handler/flat/flat.go:138.2,139.38 2 0
github.com/MakaroffAV/backend-bootcamp-assignment-2024/internal/server/handler/flat/flat.go:139.38,140.13 1 0
github.com/MakaroffAV/backend-bootcamp-assignment-2024/internal/server/handler/flat/flat.go:144.69,146.16 2 0
github.com/MakaroffAV/backend-bootcamp-assignment-2024/internal/server/handler/flat/flat.go:146.16,147.13 1 0
github.com/MakaroffAV/backend-bootcamp-assignment-2024/internal/server/handler/flat/flat.go:150.2,151.38 2 0
github.com/MakaroffAV/backend-bootcamp-assignment-2024/internal/server/handler/flat/flat.go:151.38,152.13 1 0
github.com/MakaroffAV/backend-bootcamp-assignment-2024/internal/server/routes/routes.go:23.41,57.2 1 0
github.com/MakaroffAV/backend-bootcamp-assignment-2024/cmd/main.go:10.13,12.16 2 0
github.com/MakaroffAV/backend-bootcamp-assignment-2024/cmd/main.go:12.16,13.13 1 0
github.com/MakaroffAV/backend-bootcamp-assignment-2024/cmd/main.go:15.2,38.8 4 0
github.com/MakaroffAV/backend-bootcamp-assignment-2024/internal/repo/db/db.go:11.30,15.16 2 1
github.com/MakaroffAV/backend-bootcamp-assignment-2024/internal/repo/db/db.go:15.16,17.3 1 0
github.com/MakaroffAV/backend-bootcamp-assignment-2024/internal/repo/db/db.go:17.8,19.3 1 1
github.com/MakaroffAV/backend-bootcamp-assignment-2024/internal/repo/db/dbmodel/flat.go:94.31,98.2 1 0
github.com/MakaroffAV/backend-bootcamp-assignment-2024/internal/repo/db/dbmodel/flat.go:100.61,111.2 3 0
github.com/MakaroffAV/backend-bootcamp-assignment-2024/internal/repo/db/dbmodel/flat.go:114.45,117.2 1 0
github.com/MakaroffAV/backend-bootcamp-assignment-2024/internal/repo/db/dbmodel/flat.go:120.47,128.10 3 0
github.com/MakaroffAV/backend-bootcamp-assignment-2024/internal/repo/db/dbmodel/flat.go:128.10,130.3 1 0
github.com/MakaroffAV/backend-bootcamp-assignment-2024/internal/repo/db/dbmodel/flat.go:132.2,135.16 2 0
github.com/MakaroffAV/backend-bootcamp-assignment-2024/internal/repo/db/dbmodel/flat.go:135.16,137.3 1 0
github.com/MakaroffAV/backend-bootcamp-assignment-2024/internal/repo/db/dbmodel/flat.go:138.2,140.15 2 0
github.com/MakaroffAV/backend-bootcamp-assignment-2024/internal/repo/db/dbmodel/flat.go:140.15,147.17 3 0
github.com/MakaroffAV/backend-bootcamp-assignment-2024/internal/repo/db/dbmodel/flat.go:147.17,149.4 1 0
github.com/MakaroffAV/backend-bootcamp-assignment-2024/internal/repo/db/dbmodel/flat.go:149.9,151.4 1 0
github.com/MakaroffAV/backend-bootcamp-assignment-2024/internal/repo/db/dbmodel/flat.go:154.2,154.15 1 0
github.com/MakaroffAV/backend-bootcamp-assignment-2024/internal/repo/db/dbmodel/flat.go:158.60,178.16 3 0
github.com/MakaroffAV/backend-bootcamp-assignment-2024/internal/repo/db/dbmodel/flat.go:178.16,180.3 1 0
github.com/MakaroffAV/backend-bootcamp-assignment-2024/internal/repo/db/dbmodel/flat.go:180.8,182.3 1 0
github.com/MakaroffAV/backend-bootcamp-assignment-2024/internal/repo/db/dbmodel/flat.go:186.80,197.16 3 0
github.com/MakaroffAV/backend-bootcamp-assignment-2024/internal/repo/db/dbmodel/flat.go:197.16,199.3 1 0
github.com/MakaroffAV/backend-bootcamp-assignment-2024/internal/repo/db/dbmodel/flat.go:202.2,205.16 1 0
github.com/MakaroffAV/backend-bootcamp-assignment-2024/internal/repo/db/dbmodel/flat.go:205.16,208.3 2 0
github.com/MakaroffAV/backend-bootcamp-assignment-2024/internal/repo/db/dbmodel/flat.go:210.2,216.16 2 0
github.com/MakaroffAV/backend-bootcamp-assignment-2024/internal/repo/db/dbmodel/flat.go:216.16,219.3 2 0
github.com/MakaroffAV/backend-bootcamp-assignment-2024/internal/repo/db/dbmodel/flat.go:222.2,222.35 1 0
github.com/MakaroffAV/backend-bootcamp-assignment-2024/internal/repo/db/dbmodel/flat.go:222.35,224.3 1 0
github.com/MakaroffAV/backend-bootcamp-assignment-2024/internal/repo/db/dbmodel/flat.go:226.2,226.26 1 0
github.com/MakaroffAV/backend-bootcamp-assignment-2024/internal/repo/db/dbmodel/house.go:55.33,59.2 1 0
github.com/MakaroffAV/backend-bootcamp-assignment-2024/internal/repo/db/dbmodel/house.go:61.48,72.2 3 0
github.com/MakaroffAV/backend-bootcamp-assignment-2024/internal/repo/db/dbmodel/house.go:74.61,85.2 3 0
github.com/MakaroffAV/backend-bootcamp-assignment-2024/internal/repo/db/dbmodel/house.go:88.67,97.16 3 0
github.com/MakaroffAV/backend-bootcamp-assignment-2024/internal/repo/db/dbmodel/house.go:97.16,99.3 1 0
github.com/MakaroffAV/backend-bootcamp-assignment-2024/internal/repo/db/dbmodel/house.go:99.8,101.3 1 0
github.com/MakaroffAV/backend-bootcamp-assignment-2024/internal/repo/db/dbmodel/token.go:56.33,60.2 1 0
github.com/MakaroffAV/backend-bootcamp-assignment-2024/internal/repo/db/dbmodel/token.go:62.55,69.2 3 0
github.com/MakaroffAV/backend-bootcamp-assignment-2024/internal/repo/db/dbmodel/token.go:71.55,78.2 3 0
github.com/MakaroffAV/backend-bootcamp-assignment-2024/internal/repo/db/dbmodel/token.go:80.70,86.16 3 0
github.com/MakaroffAV/backend-bootcamp-assignment-2024/internal/repo/db/dbmodel/token.go:86.16,88.3 1 0
github.com/MakaroffAV/backend-bootcamp-assignment-2024/internal/repo/db/dbmodel/token.go:88.8,90.3 1 0
github.com/MakaroffAV/backend-bootcamp-assignment-2024/internal/repo/db/dbmodel/user.go:63.31,67.2 1 0
github.com/MakaroffAV/backend-bootcamp-assignment-2024/internal/repo/db/dbmodel/user.go:69.52,77.2 3 0
github.com/MakaroffAV/backend-bootcamp-assignment-2024/internal/repo/db/dbmodel/user.go:79.70,89.2 3 0
github.com/MakaroffAV/backend-bootcamp-assignment-2024/internal/repo/db/dbmodel/user.go:92.74,100.16 3 0
github.com/MakaroffAV/backend-bootcamp-assignment-2024/internal/repo/db/dbmodel/user.go:100.16,102.3 1 0
github.com/MakaroffAV/backend-bootcamp-assignment-2024/internal/repo/db/dbmodel/user.go:102.8,104.3 1 0
github.com/MakaroffAV/backend-bootcamp-assignment-2024/internal/server/server.go:24.10,33.2 1 0
github.com/MakaroffAV/backend-bootcamp-assignment-2024/internal/server/server.go:35.28,45.22 3 0
github.com/MakaroffAV/backend-bootcamp-assignment-2024/internal/server/server.go:45.22,47.3 1 0
github.com/MakaroffAV/backend-bootcamp-assignment-2024/internal/server/server.go:48.2,48.41 1 0
github.com/MakaroffAV/backend-bootcamp-assignment-2024/internal/server/handler/flat/flat.go:17.68,22.2 1 0
github.com/MakaroffAV/backend-bootcamp-assignment-2024/internal/server/handler/flat/flat.go:24.62,30.16 3 0
github.com/MakaroffAV/backend-bootcamp-assignment-2024/internal/server/handler/flat/flat.go:30.16,35.3 2 0
github.com/MakaroffAV/backend-bootcamp-assignment-2024/internal/server/handler/flat/flat.go:42.2,50.37 3 0
github.com/MakaroffAV/backend-bootcamp-assignment-2024/internal/server/handler/flat/flat.go:50.37,55.3 2 0
github.com/MakaroffAV/backend-bootcamp-assignment-2024/internal/server/handler/flat/flat.go:58.2,58.63 1 0
github.com/MakaroffAV/backend-bootcamp-assignment-2024/internal/server/handler/flat/flat.go:58.63,62.3 1 0
github.com/MakaroffAV/backend-bootcamp-assignment-2024/internal/server/handler/flat/flat.go:62.8,66.3 1 0
github.com/MakaroffAV/backend-bootcamp-assignment-2024/internal/server/handler/flat/flat.go:68.62,74.16 3 0
github.com/MakaroffAV/backend-bootcamp-assignment-2024/internal/server/handler/flat/flat.go:74.16,79.3 2 0
github.com/MakaroffAV/backend-bootcamp-assignment-2024/internal/server/handler/flat/flat.go:85.2,94.37 3 0
github.com/MakaroffAV/backend-bootcamp-assignment-2024/internal/server/handler/flat/flat.go:94.37,99.3 2 0
github.com/MakaroffAV/backend-bootcamp-assignment-2024/internal/server/handler/flat/flat.go:102.2,102.68 1 0
github.com/MakaroffAV/backend-bootcamp-assignment-2024/internal/server/handler/flat/flat.go:102.68,106.3 1 0
github.com/MakaroffAV/backend-bootcamp-assignment-2024/internal/server/handler/flat/flat.go:106.8,110.3 1 0
github.com/MakaroffAV/backend-bootcamp-assignment-2024/internal/server/handler/flat/flat.go:115.61,128.16 3 0
github.com/MakaroffAV/backend-bootcamp-assignment-2024/internal/server/handler/flat/flat.go:128.16,129.13 1 0
github.com/MakaroffAV/backend-bootcamp-assignment-2024/internal/server/handler/flat/flat.go:132.2,132.17 1 0
github.com/MakaroffAV/backend-bootcamp-assignment-2024/internal/server/handler/flat/flat.go:132.17,136.3 1 0
github.com/MakaroffAV/backend-bootcamp-assignment-2024/internal/server/handler/flat/flat.go:138.2,139.38 2 0
github.com/MakaroffAV/backend-bootcamp-assignment-2024/internal/server/handler/flat/flat.go:139.38,140.13 1 0
github.com/MakaroffAV/backend-bootcamp-assignment-2024/internal/server/handler/flat/flat.go:144.69,146.16 2 0
github.com/MakaroffAV/backend-bootcamp-assignment-2024/internal/server/handler/flat/flat.go:146.16,147.13 1 0
github.com/MakaroffAV/backend-bootcamp-assignment-2024/internal/server/handler/flat/flat.go:150.2,151.38 2 0
github.com/MakaroffAV/backend-bootcamp-assignment-2024/internal/server/handler/flat/flat.go:151.38,152.13 1 0
github.com/MakaroffAV/backend-bootcamp-assignment-2024/internal/server/handler/house/house.go:18.71,23.2 1 0
github.com/MakaroffAV/backend-bootcamp-assignment-2024/internal/server/handler/house/house.go:25.62,30.16 3 0
github.com/MakaroffAV/backend-bootcamp-assignment-2024/internal/server/handler/house/house.go:30.16,35.3 2 0
github.com/MakaroffAV/backend-bootcamp-assignment-2024/internal/server/handler/house/house.go:39.2,40.16 2 0
github.com/MakaroffAV/backend-bootcamp-assignment-2024/internal/server/handler/house/house.go:40.16,45.3 2 0
github.com/MakaroffAV/backend-bootcamp-assignment-2024/internal/server/handler/house/house.go:48.2,48.49 1 0
github.com/MakaroffAV/backend-bootcamp-assignment-2024/internal/server/handler/house/house.go:48.49,52.3 1 0
github.com/MakaroffAV/backend-bootcamp-assignment-2024/internal/server/handler/house/house.go:52.8,56.3 1 0
github.com/MakaroffAV/backend-bootcamp-assignment-2024/internal/server/handler/house/house.go:59.63,65.16 3 0
github.com/MakaroffAV/backend-bootcamp-assignment-2024/internal/server/handler/house/house.go:65.16,70.3 2 0
github.com/MakaroffAV/backend-bootcamp-assignment-2024/internal/server/handler/house/house.go:73.2,81.37 3 0
github.com/MakaroffAV/backend-bootcamp-assignment-2024/internal/server/handler/house/house.go:81.37,86.3 2 0
github.com/MakaroffAV/backend-bootcamp-assignment-2024/internal/server/handler/house/house.go:90.2,90.68 1 0
github.com/MakaroffAV/backend-bootcamp-assignment-2024/internal/server/handler/house/house.go:90.68,94.3 1 0
github.com/MakaroffAV/backend-bootcamp-assignment-2024/internal/server/handler/house/house.go:94.8,98.3 1 0
github.com/MakaroffAV/backend-bootcamp-assignment-2024/internal/server/handler/house/house.go:102.61,115.16 3 0
github.com/MakaroffAV/backend-bootcamp-assignment-2024/internal/server/handler/house/house.go:115.16,116.13 1 0
github.com/MakaroffAV/backend-bootcamp-assignment-2024/internal/server/handler/house/house.go:119.2,119.17 1 0
github.com/MakaroffAV/backend-bootcamp-assignment-2024/internal/server/handler/house/house.go:119.17,123.3 1 0
github.com/MakaroffAV/backend-bootcamp-assignment-2024/internal/server/handler/house/house.go:125.2,126.38 2 0
github.com/MakaroffAV/backend-bootcamp-assignment-2024/internal/server/handler/house/house.go:126.38,127.13 1 0
github.com/MakaroffAV/backend-bootcamp-assignment-2024/internal/server/handler/house/house.go:131.73,139.16 3 0
github.com/MakaroffAV/backend-bootcamp-assignment-2024/internal/server/handler/house/house.go:139.16,140.13 1 0
github.com/MakaroffAV/backend-bootcamp-assignment-2024/internal/server/handler/house/house.go:143.2,144.38 2 0
github.com/MakaroffAV/backend-bootcamp-assignment-2024/internal/server/handler/house/house.go:144.38,145.13 1 0
github.com/MakaroffAV/backend-bootcamp-assignment-2024/internal/server/handler/house/house.go:149.77,151.16 2 0
github.com/MakaroffAV/backend-bootcamp-assignment-2024/internal/server/handler/house/house.go:151.16,152.13 1 0
github.com/MakaroffAV/backend-bootcamp-assignment-2024/internal/server/handler/house/house.go:155.2,156.38 2 0
github.com/MakaroffAV/backend-bootcamp-assignment-2024/internal/server/handler/house/house.go:156.38,157.13 1 0
github.com/MakaroffAV/backend-bootcamp-assignment-2024/internal/server/handler/login/login.go:15.46,19.2 1 0
github.com/MakaroffAV/backend-bootcamp-assignment-2024/internal/server/handler/login/login.go:22.61,35.16 3 0
github.com/MakaroffAV/backend-bootcamp-assignment-2024/internal/server/handler/login/login.go:35.16,36.13 1 0
github.com/MakaroffAV/backend-bootcamp-assignment-2024/internal/server/handler/login/login.go:39.2,39.17 1 0
github.com/MakaroffAV/backend-bootcamp-assignment-2024/internal/server/handler/login/login.go:39.17,43.3 1 0
github.com/MakaroffAV/backend-bootcamp-assignment-2024/internal/server/handler/login/login.go:45.2,46.38 2 0
github.com/MakaroffAV/backend-bootcamp-assignment-2024/internal/server/handler/login/login.go:46.38,47.13 1 0
github.com/MakaroffAV/backend-bootcamp-assignment-2024/internal/server/handler/login/login.go:51.67,59.16 3 0
github.com/MakaroffAV/backend-bootcamp-assignment-2024/internal/server/handler/login/login.go:59.16,60.13 1 0
github.com/MakaroffAV/backend-bootcamp-assignment-2024/internal/server/handler/login/login.go:63.2,64.38 2 0
github.com/MakaroffAV/backend-bootcamp-assignment-2024/internal/server/handler/login/login.go:64.38,65.13 1 0
github.com/MakaroffAV/backend-bootcamp-assignment-2024/internal/server/handler/login/login.go:69.62,78.37 4 0
github.com/MakaroffAV/backend-bootcamp-assignment-2024/internal/server/handler/login/login.go:78.37,83.3 2 0
github.com/MakaroffAV/backend-bootcamp-assignment-2024/internal/server/handler/login/login.go:85.2,86.16 2 0
github.com/MakaroffAV/backend-bootcamp-assignment-2024/internal/server/handler/login/login.go:86.16,91.3 2 0
github.com/MakaroffAV/backend-bootcamp-assignment-2024/internal/server/handler/login/login.go:93.2,93.51 1 0
github.com/MakaroffAV/backend-bootcamp-assignment-2024/internal/server/handler/login/login.go:93.51,97.3 1 0
github.com/MakaroffAV/backend-bootcamp-assignment-2024/internal/server/handler/login/login.go:97.8,101.3 1 0
github.com/MakaroffAV/backend-bootcamp-assignment-2024/internal/server/handler/login/login.go:103.67,109.16 3 0
github.com/MakaroffAV/backend-bootcamp-assignment-2024/internal/server/handler/login/login.go:109.16,111.3 1 0
github.com/MakaroffAV/backend-bootcamp-assignment-2024/internal/server/handler/login/login.go:111.8,116.3 1 0
github.com/MakaroffAV/backend-bootcamp-assignment-2024/internal/server/handler/register/register.go:15.58,19.2 1 0
github.com/MakaroffAV/backend-bootcamp-assignment-2024/internal/server/handler/register/register.go:21.62,31.37 4 0
github.com/MakaroffAV/backend-bootcamp-assignment-2024/internal/server/handler/register/register.go:31.37,36.3 2 0
github.com/MakaroffAV/backend-bootcamp-assignment-2024/internal/server/handler/register/register.go:38.2,38.60 1 0
github.com/MakaroffAV/backend-bootcamp-assignment-2024/internal/server/handler/register/register.go:38.60,42.3 1 0
github.com/MakaroffAV/backend-bootcamp-assignment-2024/internal/server/handler/register/register.go:42.8,46.3 1 0
github.com/MakaroffAV/backend-bootcamp-assignment-2024/internal/server/handler/register/register.go:50.61,63.16 3 0
github.com/MakaroffAV/backend-bootcamp-assignment-2024/internal/server/handler/register/register.go:63.16,64.13 1 0
github.com/MakaroffAV/backend-bootcamp-assignment-2024/internal/server/handler/register/register.go:67.2,67.17 1 0
github.com/MakaroffAV/backend-bootcamp-assignment-2024/internal/server/handler/register/register.go:67.17,71.3 1 0
github.com/MakaroffAV/backend-bootcamp-assignment-2024/internal/server/handler/register/register.go:73.2,74.38 2 0
github.com/MakaroffAV/backend-bootcamp-assignment-2024/internal/server/handler/register/register.go:74.38,75.13 1 0
github.com/MakaroffAV/backend-bootcamp-assignment-2024/internal/server/handler/register/register.go:79.67,87.16 3 0
github.com/MakaroffAV/backend-bootcamp-assignment-2024/internal/server/handler/register/register.go:87.16,88.13 1 0
github.com/MakaroffAV/backend-bootcamp-assignment-2024/internal/server/handler/register/register.go:91.2,92.38 2 0
github.com/MakaroffAV/backend-bootcamp-assignment-2024/internal/server/handler/register/register.go:92.38,93.13 1 0
github.com/MakaroffAV/backend-bootcamp-assignment-2024/internal/server/routes/routes.go:23.41,57.2 1 0
github.com/MakaroffAV/backend-bootcamp-assignment-2024/internal/service/flat.go:25.9,30.2 1 0
github.com/MakaroffAV/backend-bootcamp-assignment-2024/internal/service/flat.go:32.42,43.2 2 0
github.com/MakaroffAV/backend-bootcamp-assignment-2024/internal/service/flat.go:46.73,62.2 3 0
github.com/MakaroffAV/backend-bootcamp-assignment-2024/internal/service/flat.go:65.74,72.30 4 0
github.com/MakaroffAV/backend-bootcamp-assignment-2024/internal/service/flat.go:72.30,76.3 1 0
github.com/MakaroffAV/backend-bootcamp-assignment-2024/internal/service/flat.go:80.2,80.43 1 0
github.com/MakaroffAV/backend-bootcamp-assignment-2024/internal/service/flat.go:80.43,82.3 1 0
github.com/MakaroffAV/backend-bootcamp-assignment-2024/internal/service/flat.go:90.2,91.16 2 0
github.com/MakaroffAV/backend-bootcamp-assignment-2024/internal/service/flat.go:91.16,93.3 1 0
github.com/MakaroffAV/backend-bootcamp-assignment-2024/internal/service/flat.go:94.2,94.46 1 0
github.com/MakaroffAV/backend-bootcamp-assignment-2024/internal/service/flat.go:94.46,98.3 1 0
github.com/MakaroffAV/backend-bootcamp-assignment-2024/internal/service/flat.go:109.2,109.47 1 0
github.com/MakaroffAV/backend-bootcamp-assignment-2024/internal/service/house.go:24.9,30.2 1 0
github.com/MakaroffAV/backend-bootcamp-assignment-2024/internal/service/house.go:32.64,35.16 2 0
github.com/MakaroffAV/backend-bootcamp-assignment-2024/internal/service/house.go:38.10,39.3 1 0
github.com/MakaroffAV/backend-bootcamp-assignment-2024/internal/service/house.go:39.3,43.4 1 0
github.com/MakaroffAV/backend-bootcamp-assignment-2024/internal/service/house.go:46.32,47.3 1 0
github.com/MakaroffAV/backend-bootcamp-assignment-2024/internal/service/house.go:47.3,49.4 1 0
github.com/MakaroffAV/backend-bootcamp-assignment-2024/internal/service/house.go:53.35,54.3 1 0
github.com/MakaroffAV/backend-bootcamp-assignment-2024/internal/service/house.go:54.3,56.4 1 0
github.com/MakaroffAV/backend-bootcamp-assignment-2024/internal/service/house.go:60.102,65.43 2 0
github.com/MakaroffAV/backend-bootcamp-assignment-2024/internal/service/house.go:65.43,67.3 1 0
github.com/MakaroffAV/backend-bootcamp-assignment-2024/internal/service/house.go:69.2,69.53 1 0
github.com/MakaroffAV/backend-bootcamp-assignment-2024/internal/service/login.go:16.30,22.2 1 0
github.com/MakaroffAV/backend-bootcamp-assignment-2024/internal/service/login.go:24.55,30.2 1 0
github.com/MakaroffAV/backend-bootcamp-assignment-2024/internal/service/login.go:32.65,38.16 3 0
github.com/MakaroffAV/backend-bootcamp-assignment-2024/internal/service/login.go:38.16,40.3 1 0
github.com/MakaroffAV/backend-bootcamp-assignment-2024/internal/service/login.go:46.2,46.54 1 0
github.com/MakaroffAV/backend-bootcamp-assignment-2024/internal/service/login.go:49.74,55.2 1 0
github.com/MakaroffAV/backend-bootcamp-assignment-2024/internal/service/register.go:13.47,17.2 1 0
github.com/MakaroffAV/backend-bootcamp-assignment-2024/internal/service/register.go:19.76,23.2 1 0
github.com/MakaroffAV/backend-bootcamp-assignment-2024/internal/service/token.go:12.43,16.2 1 0
github.com/MakaroffAV/backend-bootcamp-assignment-2024/internal/service/token.go:18.62,20.2 1 0
github.com/MakaroffAV/backend-bootcamp-assignment-2024/cmd/main.go:10.13,12.16 2 0
github.com/MakaroffAV/backend-bootcamp-assignment-2024/cmd/main.go:12.16,13.13 1 0
github.com/MakaroffAV/backend-bootcamp-assignment-2024/cmd/main.go:15.2,38.8 4 0
github.com/MakaroffAV/backend-bootcamp-assignment-2024/internal/repo/db/db.go:11.30,15.16 2 1
github.com/MakaroffAV/backend-bootcamp-assignment-2024/internal/repo/db/db.go:15.16,17.3 1 0
github.com/MakaroffAV/backend-bootcamp-assignment-2024/internal/repo/db/db.go:17.8,19.3 1 1
github.com/MakaroffAV/backend-bootcamp-assignment-2024/internal/repo/db/dbmodel/flat.go:94.31,98.2 1 1
github.com/MakaroffAV/backend-bootcamp-assignment-2024/internal/repo/db/dbmodel/flat.go:100.61,111.2 3 1
github.com/MakaroffAV/backend-bootcamp-assignment-2024/internal/repo/db/dbmodel/flat.go:114.45,117.2 1 1
github.com/MakaroffAV/backend-bootcamp-assignment-2024/internal/repo/db/dbmodel/flat.go:120.47,128.10 3 1
github.com/MakaroffAV/backend-bootcamp-assignment-2024/internal/repo/db/dbmodel/flat.go:128.10,130.3 1 1
github.com/MakaroffAV/backend-bootcamp-assignment-2024/internal/repo/db/dbmodel/flat.go:132.2,135.16 2 1
github.com/MakaroffAV/backend-bootcamp-assignment-2024/internal/repo/db/dbmodel/flat.go:135.16,137.3 1 0
github.com/MakaroffAV/backend-bootcamp-assignment-2024/internal/repo/db/dbmodel/flat.go:138.2,140.15 2 1
github.com/MakaroffAV/backend-bootcamp-assignment-2024/internal/repo/db/dbmodel/flat.go:140.15,147.17 3 1
github.com/MakaroffAV/backend-bootcamp-assignment-2024/internal/repo/db/dbmodel/flat.go:147.17,149.4 1 0
github.com/MakaroffAV/backend-bootcamp-assignment-2024/internal/repo/db/dbmodel/flat.go:149.9,151.4 1 1
github.com/MakaroffAV/backend-bootcamp-assignment-2024/internal/repo/db/dbmodel/flat.go:154.2,154.15 1 1
github.com/MakaroffAV/backend-bootcamp-assignment-2024/internal/repo/db/dbmodel/flat.go:158.60,178.16 3 1
github.com/MakaroffAV/backend-bootcamp-assignment-2024/internal/repo/db/dbmodel/flat.go:178.16,180.3 1 0
github.com/MakaroffAV/backend-bootcamp-assignment-2024/internal/repo/db/dbmodel/flat.go:180.8,182.3 1 1
github.com/MakaroffAV/backend-bootcamp-assignment-2024/internal/repo/db/dbmodel/flat.go:186.80,197.16 3 1
github.com/MakaroffAV/backend-bootcamp-assignment-2024/internal/repo/db/dbmodel/flat.go:197.16,199.3 1 0
github.com/MakaroffAV/backend-bootcamp-assignment-2024/internal/repo/db/dbmodel/flat.go:202.2,205.16 1 1
github.com/MakaroffAV/backend-bootcamp-assignment-2024/internal/repo/db/dbmodel/flat.go:205.16,208.3 2 0
github.com/MakaroffAV/backend-bootcamp-assignment-2024/internal/repo/db/dbmodel/flat.go:210.2,216.16 2 1
github.com/MakaroffAV/backend-bootcamp-assignment-2024/internal/repo/db/dbmodel/flat.go:216.16,219.3 2 0
github.com/MakaroffAV/backend-bootcamp-assignment-2024/internal/repo/db/dbmodel/flat.go:222.2,222.35 1 1
github.com/MakaroffAV/backend-bootcamp-assignment-2024/internal/repo/db/dbmodel/flat.go:222.35,224.3 1 0
github.com/MakaroffAV/backend-bootcamp-assignment-2024/internal/repo/db/dbmodel/flat.go:226.2,226.26 1 1
github.com/MakaroffAV/backend-bootcamp-assignment-2024/internal/repo/db/dbmodel/house.go:55.33,59.2 1 1
github.com/MakaroffAV/backend-bootcamp-assignment-2024/internal/repo/db/dbmodel/house.go:61.48,72.2 3 0
github.com/MakaroffAV/backend-bootcamp-assignment-2024/internal/repo/db/dbmodel/house.go:74.61,85.2 3 1
github.com/MakaroffAV/backend-bootcamp-assignment-2024/internal/repo/db/dbmodel/house.go:88.67,97.16 3 1
github.com/MakaroffAV/backend-bootcamp-assignment-2024/internal/repo/db/dbmodel/house.go:97.16,99.3 1 0
github.com/MakaroffAV/backend-bootcamp-assignment-2024/internal/repo/db/dbmodel/house.go:99.8,101.3 1 1
github.com/MakaroffAV/backend-bootcamp-assignment-2024/internal/repo/db/dbmodel/token.go:56.33,60.2 1 1
github.com/MakaroffAV/backend-bootcamp-assignment-2024/internal/repo/db/dbmodel/token.go:62.55,69.2 3 1
github.com/MakaroffAV/backend-bootcamp-assignment-2024/internal/repo/db/dbmodel/token.go:71.55,78.2 3 1
github.com/MakaroffAV/backend-bootcamp-assignment-2024/internal/repo/db/dbmodel/token.go:80.70,86.16 3 1
github.com/MakaroffAV/backend-bootcamp-assignment-2024/internal/repo/db/dbmodel/token.go:86.16,88.3 1 0
github.com/MakaroffAV/backend-bootcamp-assignment-2024/internal/repo/db/dbmodel/token.go:88.8,90.3 1 1
github.com/MakaroffAV/backend-bootcamp-assignment-2024/internal/repo/db/dbmodel/user.go:63.31,67.2 1 1
github.com/MakaroffAV/backend-bootcamp-assignment-2024/internal/repo/db/dbmodel/user.go:69.52,77.2 3 1
github.com/MakaroffAV/backend-bootcamp-assignment-2024/internal/repo/db/dbmodel/user.go:79.70,89.2 3 1
github.com/MakaroffAV/backend-bootcamp-assignment-2024/internal/repo/db/dbmodel/user.go:92.74,100.16 3 1
github.com/MakaroffAV/backend-bootcamp-assignment-2024/internal/repo/db/dbmodel/user.go:100.16,102.3 1 0
github.com/MakaroffAV/backend-bootcamp-assignment-2024/internal/repo/db/dbmodel/user.go:102.8,104.3 1 1
github.com/MakaroffAV/backend-bootcamp-assignment-2024/internal/server/server.go:24.10,33.2 1 0
github.com/MakaroffAV/backend-bootcamp-assignment-2024/internal/server/server.go:35.28,45.22 3 0
github.com/MakaroffAV/backend-bootcamp-assignment-2024/internal/server/server.go:45.22,47.3 1 0
github.com/MakaroffAV/backend-bootcamp-assignment-2024/internal/server/server.go:48.2,48.41 1 0
github.com/MakaroffAV/backend-bootcamp-assignment-2024/internal/server/handler/flat/flat.go:17.68,22.2 1 0
github.com/MakaroffAV/backend-bootcamp-assignment-2024/internal/server/handler/flat/flat.go:24.62,30.16 3 0
github.com/MakaroffAV/backend-bootcamp-assignment-2024/internal/server/handler/flat/flat.go:30.16,35.3 2 0
github.com/MakaroffAV/backend-bootcamp-assignment-2024/internal/server/handler/flat/flat.go:42.2,50.37 3 0
github.com/MakaroffAV/backend-bootcamp-assignment-2024/internal/server/handler/flat/flat.go:50.37,55.3 2 0
github.com/MakaroffAV/backend-bootcamp-assignment-2024/internal/server/handler/flat/flat.go:58.2,58.63 1 0
github.com/MakaroffAV/backend-bootcamp-assignment-2024/internal/server/handler/flat/flat.go:58.63,62.3 1 0
github.com/MakaroffAV/backend-bootcamp-assignment-2024/internal/server/handler/flat/flat.go:62.8,66.3 1 0
github.com/MakaroffAV/backend-bootcamp-assignment-2024/internal/server/handler/flat/flat.go:68.62,74.16 3 0
github.com/MakaroffAV/backend-bootcamp-assignment-2024/internal/server/handler/flat/flat.go:74.16,79.3 2 0
github.com/MakaroffAV/backend-bootcamp-assignment-2024/internal/server/handler/flat/flat.go:85.2,94.37 3 0
github.com/MakaroffAV/backend-bootcamp-assignment-2024/internal/server/handler/flat/flat.go:94.37,99.3 2 0
github.com/MakaroffAV/backend-bootcamp-assignment-2024/internal/server/handler/flat/flat.go:102.2,102.68 1 0
github.com/MakaroffAV/backend-bootcamp-assignment-2024/internal/server/handler/flat/flat.go:102.68,106.3 1 0
github.com/MakaroffAV/backend-bootcamp-assignment-2024/internal/server/handler/flat/flat.go:106.8,110.3 1 0
github.com/MakaroffAV/backend-bootcamp-assignment-2024/internal/server/handler/flat/flat.go:115.61,128.16 3 0
github.com/MakaroffAV/backend-bootcamp-assignment-2024/internal/server/handler/flat/flat.go:128.16,129.13 1 0
github.com/MakaroffAV/backend-bootcamp-assignment-2024/internal/server/handler/flat/flat.go:132.2,132.17 1 0
github.com/MakaroffAV/backend-bootcamp-assignment-2024/internal/server/handler/flat/flat.go:132.17,136.3 1 0
github.com/MakaroffAV/backend-bootcamp-assignment-2024/internal/server/handler/flat/flat.go:138.2,139.38 2 0
github.com/MakaroffAV/backend-bootcamp-assignment-2024/internal/server/handler/flat/flat.go:139.38,140.13 1 0
github.com/MakaroffAV/backend-bootcamp-assignment-2024/internal/server/handler/flat/flat.go:144.69,146.16 2 0
github.com/MakaroffAV/backend-bootcamp-assignment-2024/internal/server/handler/flat/flat.go:146.16,147.13 1 0
github.com/MakaroffAV/backend-bootcamp-assignment-2024/internal/server/handler/flat/flat.go:150.2,151.38 2 0
github.com/MakaroffAV/backend-bootcamp-assignment-2024/internal/server/handler/flat/flat.go:151.38,152.13 1 0
github.com/MakaroffAV/backend-bootcamp-assignment-2024/internal/server/handler/house/house.go:18.71,23.2 1 0
github.com/MakaroffAV/backend-bootcamp-assignment-2024/internal/server/handler/house/house.go:25.62,30.16 3 0
github.com/MakaroffAV/backend-bootcamp-assignment-2024/internal/server/handler/house/house.go:30.16,35.3 2 0
github.com/MakaroffAV/backend-bootcamp-assignment-2024/internal/server/handler/house/house.go:39.2,40.16 2 0
github.com/MakaroffAV/backend-bootcamp-assignment-2024/internal/server/handler/house/house.go:40.16,45.3 2 0
github.com/MakaroffAV/backend-bootcamp-assignment-2024/internal/server/handler/house/house.go:48.2,48.49 1 0
github.com/MakaroffAV/backend-bootcamp-assignment-2024/internal/server/handler/house/house.go:48.49,52.3 1 0
github.com/MakaroffAV/backend-bootcamp-assignment-2024/internal/server/handler/house/house.go:52.8,56.3 1 0
github.com/MakaroffAV/backend-bootcamp-assignment-2024/internal/server/handler/house/house.go:59.63,65.16 3 0
github.com/MakaroffAV/backend-bootcamp-assignment-2024/internal/server/handler/house/house.go:65.16,70.3 2 0
github.com/MakaroffAV/backend-bootcamp-assignment-2024/internal/server/handler/house/house.go:73.2,81.37 3 0
github.com/MakaroffAV/backend-bootcamp-assignment-2024/internal/server/handler/house/house.go:81.37,86.3 2 0
github.com/MakaroffAV/backend-bootcamp-assignment-2024/internal/server/handler/house/house.go:90.2,90.68 1 0
github.com/MakaroffAV/backend-bootcamp-assignment-2024/internal/server/handler/house/house.go:90.68,94.3 1 0
github.com/MakaroffAV/backend-bootcamp-assignment-2024/internal/server/handler/house/house.go:94.8,98.3 1 0
github.com/MakaroffAV/backend-bootcamp-assignment-2024/internal/server/handler/house/house.go:102.61,115.16 3 0
github.com/MakaroffAV/backend-bootcamp-assignment-2024/internal/server/handler/house/house.go:115.16,116.13 1 0
github.com/MakaroffAV/backend-bootcamp-assignment-2024/internal/server/handler/house/house.go:119.2,119.17 1 0
github.com/MakaroffAV/backend-bootcamp-assignment-2024/internal/server/handler/house/house.go:119.17,123.3 1 0
github.com/MakaroffAV/backend-bootcamp-assignment-2024/internal/server/handler/house/house.go:125.2,126.38 2 0
github.com/MakaroffAV/backend-bootcamp-assignment-2024/internal/server/handler/house/house.go:126.38,127.13 1 0
github.com/MakaroffAV/backend-bootcamp-assignment-2024/internal/server/handler/house/house.go:131.73,139.16 3 0
github.com/MakaroffAV/backend-bootcamp-assignment-2024/internal/server/handler/house/house.go:139.16,140.13 1 0
github.com/MakaroffAV/backend-bootcamp-assignment-2024/internal/server/handler/house/house.go:143.2,144.38 2 0
github.com/MakaroffAV/backend-bootcamp-assignment-2024/internal/server/handler/house/house.go:144.38,145.13 1 0
github.com/MakaroffAV/backend-bootcamp-assignment-2024/internal/server/handler/house/house.go:149.77,151.16 2 0
github.com/MakaroffAV/backend-bootcamp-assignment-2024/internal/server/handler/house/house.go:151.16,152.13 1 0
github.com/MakaroffAV/backend-bootcamp-assignment-2024/internal/server/handler/house/house.go:155.2,156.38 2 0
github.com/MakaroffAV/backend-bootcamp-assignment-2024/internal/server/handler/house/house.go:156.38,157.13 1 0
github.com/MakaroffAV/backend-bootcamp-assignment-2024/internal/server/handler/login/login.go:15.46,19.2 1 0
github.com/MakaroffAV/backend-bootcamp-assignment-2024/internal/server/handler/login/login.go:22.61,35.16 3 0
github.com/MakaroffAV/backend-bootcamp-assignment-2024/internal/server/handler/login/login.go:35.16,36.13 1 0
github.com/MakaroffAV/backend-bootcamp-assignment-2024/internal/server/handler/login/login.go:39.2,39.17 1 0
github.com/MakaroffAV/backend-bootcamp-assignment-2024/internal/server/handler/login/login.go:39.17,43.3 1 0
github.com/MakaroffAV/backend-bootcamp-assignment-2024/internal/server/handler/login/login.go:45.2,46.38 2 0
github.com/MakaroffAV/backend-bootcamp-assignment-2024/internal/server/handler/login/login.go:46.38,47.13 1 0
github.com/MakaroffAV/backend-bootcamp-assignment-2024/internal/server/handler/login/login.go:51.67,59.16 3 0
github.com/MakaroffAV/backend-bootcamp-assignment-2024/internal/server/handler/login/login.go:59.16,60.13 1 0
github.com/MakaroffAV/backend-bootcamp-assignment-2024/internal/server/handler/login/login.go:63.2,64.38 2 0
github.com/MakaroffAV/backend-bootcamp-assignment-2024/internal/server/handler/login/login.go:64.38,65.13 1 0
github.com/MakaroffAV/backend-bootcamp-assignment-2024/internal/server/handler/login/login.go:69.62,78.37 4 0
github.com/MakaroffAV/backend-bootcamp-assignment-2024/internal/server/handler/login/login.go:78.37,83.3 2 0
github.com/MakaroffAV/backend-bootcamp-assignment-2024/internal/server/handler/login/login.go:85.2,86.16 2 0
github.com/MakaroffAV/backend-bootcamp-assignment-2024/internal/server/handler/login/login.go:86.16,91.3 2 0
github.com/MakaroffAV/backend-bootcamp-assignment-2024/internal/server/handler/login/login.go:93.2,93.51 1 0
github.com/MakaroffAV/backend-bootcamp-assignment-2024/internal/server/handler/login/login.go:93.51,97.3 1 0
github.com/MakaroffAV/backend-bootcamp-assignment-2024/internal/server/handler/login/login.go:97.8,101.3 1 0
github.com/MakaroffAV/backend-bootcamp-assignment-2024/internal/server/handler/login/login.go:103.67,109.16 3 0
github.com/MakaroffAV/backend-bootcamp-assignment-2024/internal/server/handler/login/login.go:109.16,111.3 1 0
github.com/MakaroffAV/backend-bootcamp-assignment-2024/internal/server/handler/login/login.go:111.8,116.3 1 0
github.com/MakaroffAV/backend-bootcamp-assignment-2024/internal/server/handler/register/register.go:15.58,19.2 1 0
github.com/MakaroffAV/backend-bootcamp-assignment-2024/internal/server/handler/register/register.go:21.62,31.37 4 0
github.com/MakaroffAV/backend-bootcamp-assignment-2024/internal/server/handler/register/register.go:31.37,36.3 2 0
github.com/MakaroffAV/backend-bootcamp-assignment-2024/internal/server/handler/register/register.go:38.2,38.60 1 0
github.com/MakaroffAV/backend-bootcamp-assignment-2024/internal/server/handler/register/register.go:38.60,42.3 1 0
github.com/MakaroffAV/backend-bootcamp-assignment-2024/internal/server/handler/register/register.go:42.8,46.3 1 0
github.com/MakaroffAV/backend-bootcamp-assignment-2024/internal/server/handler/register/register.go:50.61,63.16 3 0
github.com/MakaroffAV/backend-bootcamp-assignment-2024/internal/server/handler/register/register.go:63.16,64.13 1 0
github.com/MakaroffAV/backend-bootcamp-assignment-2024/internal/server/handler/register/register.go:67.2,67.17 1 0
github.com/MakaroffAV/backend-bootcamp-assignment-2024/internal/server/handler/register/register.go:67.17,71.3 1 0
github.com/MakaroffAV/backend-bootcamp-assignment-2024/internal/server/handler/register/register.go:73.2,74.38 2 0
github.com/MakaroffAV/backend-bootcamp-assignment-2024/internal/server/handler/register/register.go:74.38,75.13 1 0
github.com/MakaroffAV/backend-bootcamp-assignment-2024/internal/server/handler/register/register.go:79.67,87.16 3 0
github.com/MakaroffAV/backend-bootcamp-assignment-2024/internal/server/handler/register/register.go:87.16,88.13 1 0
github.com/MakaroffAV/backend-bootcamp-assignment-2024/internal/server/handler/register/register.go:91.2,92.38 2 0
github.com/MakaroffAV/backend-bootcamp-assignment-2024/internal/server/handler/register/register.go:92.38,93.13 1 0
github.com/MakaroffAV/backend-bootcamp-assignment-2024/internal/server/routes/routes.go:23.41,57.2 1 0
github.com/MakaroffAV/backend-bootcamp-assignment-2024/internal/service/flat.go:25.9,30.2 1 1
github.com/MakaroffAV/backend-bootcamp-assignment-2024/internal/service/flat.go:32.42,43.2 2 1
github.com/MakaroffAV/backend-bootcamp-assignment-2024/internal/service/flat.go:46.73,62.2 3 1
github.com/MakaroffAV/backend-bootcamp-assignment-2024/internal/service/flat.go:65.74,72.30 4 1
github.com/MakaroffAV/backend-bootcamp-assignment-2024/internal/service/flat.go:72.30,76.3 1 1
github.com/MakaroffAV/backend-bootcamp-assignment-2024/internal/service/flat.go:80.2,80.43 1 1
github.com/MakaroffAV/backend-bootcamp-assignment-2024/internal/service/flat.go:80.43,82.3 1 1
github.com/MakaroffAV/backend-bootcamp-assignment-2024/internal/service/flat.go:90.2,91.16 2 1
github.com/MakaroffAV/backend-bootcamp-assignment-2024/internal/service/flat.go:91.16,93.3 1 0
github.com/MakaroffAV/backend-bootcamp-assignment-2024/internal/service/flat.go:94.2,94.46 1 1
github.com/MakaroffAV/backend-bootcamp-assignment-2024/internal/service/flat.go:94.46,98.3 1 1
github.com/MakaroffAV/backend-bootcamp-assignment-2024/internal/service/flat.go:109.2,109.47 1 1
github.com/MakaroffAV/backend-bootcamp-assignment-2024/internal/service/house.go:24.9,30.2 1 1
github.com/MakaroffAV/backend-bootcamp-assignment-2024/internal/service/house.go:32.64,35.16 2 1
github.com/MakaroffAV/backend-bootcamp-assignment-2024/internal/service/house.go:38.10,39.3 1 1
github.com/MakaroffAV/backend-bootcamp-assignment-2024/internal/service/house.go:39.3,43.4 1 1
github.com/MakaroffAV/backend-bootcamp-assignment-2024/internal/service/house.go:46.32,47.3 1 1
github.com/MakaroffAV/backend-bootcamp-assignment-2024/internal/service/house.go:47.3,49.4 1 1
github.com/MakaroffAV/backend-bootcamp-assignment-2024/internal/service/house.go:53.35,54.3 1 1
github.com/MakaroffAV/backend-bootcamp-assignment-2024/internal/service/house.go:54.3,56.4 1 1
github.com/MakaroffAV/backend-bootcamp-assignment-2024/internal/service/house.go:60.102,65.43 2 1
github.com/MakaroffAV/backend-bootcamp-assignment-2024/internal/service/house.go:65.43,67.3 1 1
github.com/MakaroffAV/backend-bootcamp-assignment-2024/internal/service/house.go:69.2,69.53 1 1
github.com/MakaroffAV/backend-bootcamp-assignment-2024/internal/service/login.go:16.30,22.2 1 1
github.com/MakaroffAV/backend-bootcamp-assignment-2024/internal/service/login.go:24.55,30.2 1 1
github.com/MakaroffAV/backend-bootcamp-assignment-2024/internal/service/login.go:32.65,38.16 3 1
github.com/MakaroffAV/backend-bootcamp-assignment-2024/internal/service/login.go:38.16,40.3 1 0
github.com/MakaroffAV/backend-bootcamp-assignment-2024/internal/service/login.go:46.2,46.54 1 1
github.com/MakaroffAV/backend-bootcamp-assignment-2024/internal/service/login.go:49.74,55.2 1 1
github.com/MakaroffAV/backend-bootcamp-assignment-2024/internal/service/register.go:13.47,17.2 1 1
github.com/MakaroffAV/backend-bootcamp-assignment-2024/internal/service/register.go:19.76,23.2 1 1
github.com/MakaroffAV/backend-bootcamp-assignment-2024/internal/service/token.go:12.43,16.2 1 1
github.com/MakaroffAV/backend-bootcamp-assignment-2024/internal/service/token.go:18.62,20.2 1 1
github.com/MakaroffAV/backend-bootcamp-assignment-2024/cmd/main.go:10.13,12.16 2 0
github.com/MakaroffAV/backend-bootcamp-assignment-2024/cmd/main.go:12.16,13.13 1 0
github.com/MakaroffAV/backend-bootcamp-assignment-2024/cmd/main.go:15.2,38.8 4 0
github.com/MakaroffAV/backend-bootcamp-assignment-2024/internal/repo/db/db.go:11.30,15.16 2 1
github.com/MakaroffAV/backend-bootcamp-assignment-2024/internal/repo/db/db.go:15.16,17.3 1 0
github.com/MakaroffAV/backend-bootcamp-assignment-2024/internal/repo/db/db.go:17.8,19.3 1 1
github.com/MakaroffAV/backend-bootcamp-assignment-2024/internal/repo/db/dbmodel/flat.go:94.31,98.2 1 1
github.com/MakaroffAV/backend-bootcamp-assignment-2024/internal/repo/db/dbmodel/flat.go:100.61,111.2 3 1
github.com/MakaroffAV/backend-bootcamp-assignment-2024/internal/repo/db/dbmodel/flat.go:114.45,117.2 1 0
github.com/MakaroffAV/backend-bootcamp-assignment-2024/internal/repo/db/dbmodel/flat.go:120.47,128.10 3 1
github.com/MakaroffAV/backend-bootcamp-assignment-2024/internal/repo/db/dbmodel/flat.go:128.10,130.3 1 1
github.com/MakaroffAV/backend-bootcamp-assignment-2024/internal/repo/db/dbmodel/flat.go:132.2,135.16 2 1
github.com/MakaroffAV/backend-bootcamp-assignment-2024/internal/repo/db/dbmodel/flat.go:135.16,137.3 1 0
github.com/MakaroffAV/backend-bootcamp-assignment-2024/internal/repo/db/dbmodel/flat.go:138.2,140.15 2 1
github.com/MakaroffAV/backend-bootcamp-assignment-2024/internal/repo/db/dbmodel/flat.go:140.15,147.17 3 1
github.com/MakaroffAV/backend-bootcamp-assignment-2024/internal/repo/db/dbmodel/flat.go:147.17,149.4 1 0
github.com/MakaroffAV/backend-bootcamp-assignment-2024/internal/repo/db/dbmodel/flat.go:149.9,151.4 1 1
github.com/MakaroffAV/backend-bootcamp-assignment-2024/internal/repo/db/dbmodel/flat.go:154.2,154.15 1 1
github.com/MakaroffAV/backend-bootcamp-assignment-2024/internal/repo/db/dbmodel/flat.go:158.60,178.16 3 1
github.com/MakaroffAV/backend-bootcamp-assignment-2024/internal/repo/db/dbmodel/flat.go:178.16,180.3 1 0
github.com/MakaroffAV/backend-bootcamp-assignment-2024/internal/repo/db/dbmodel/flat.go:180.8,182.3 1 1
github.com/MakaroffAV/backend-bootcamp-assignment-2024/internal/repo/db/dbmodel/flat.go:186.80,197.16 3 1
github.com/MakaroffAV/backend-bootcamp-assignment-2024/internal/repo/db/dbmodel/flat.go:197.16,199.3 1 0
github.com/MakaroffAV/backend-bootcamp-assignment-2024/internal/repo/db/dbmodel/flat.go:202.2,205.16 1 1
github.com/MakaroffAV/backend-bootcamp-assignment-2024/internal/repo/db/dbmodel/flat.go:205.16,208.3 2 0
github.com/MakaroffAV/backend-bootcamp-assignment-2024/internal/repo/db/dbmodel/flat.go:210.2,216.16 2 1
github.com/MakaroffAV/backend-bootcamp-assignment-2024/internal/repo/db/dbmodel/flat.go:216.16,219.3 2 0
github.com/MakaroffAV/backend-bootcamp-assignment-2024/internal/repo/db/dbmodel/flat.go:222.2,222.35 1 1
github.com/MakaroffAV/backend-bootcamp-assignment-2024/internal/repo/db/dbmodel/flat.go:222.35,224.3 1 0
github.com/MakaroffAV/backend-bootcamp-assignment-2024/internal/repo/db/dbmodel/flat.go:226.2,226.26 1 1
github.com/MakaroffAV/backend-bootcamp-assignment-2024/internal/repo/db/dbmodel/house.go:55.33,59.2 1 1
github.com/MakaroffAV/backend-bootcamp-assignment-2024/internal/repo/db/dbmodel/house.go:61.48,72.2 3 1
github.com/MakaroffAV/backend-bootcamp-assignment-2024/internal/repo/db/dbmodel/house.go:74.61,85.2 3 1
github.com/MakaroffAV/backend-bootcamp-assignment-2024/internal/repo/db/dbmodel/house.go:88.67,97.16 3 1
github.com/MakaroffAV/backend-bootcamp-assignment-2024/internal/repo/db/dbmodel/house.go:97.16,99.3 1 0
github.com/MakaroffAV/backend-bootcamp-assignment-2024/internal/repo/db/dbmodel/house.go:99.8,101.3 1 1
github.com/MakaroffAV/backend-bootcamp-assignment-2024/internal/repo/db/dbmodel/token.go:56.33,60.2 1 1
github.com/MakaroffAV/backend-bootcamp-assignment-2024/internal/repo/db/dbmodel/token.go:62.55,69.2 3 1
github.com/MakaroffAV/backend-bootcamp-assignment-2024/internal/repo/db/dbmodel/token.go:71.55,78.2 3 1
github.com/MakaroffAV/backend-bootcamp-assignment-2024/internal/repo/db/dbmodel/token.go:80.70,86.16 3 1
github.com/MakaroffAV/backend-bootcamp-assignment-2024/internal/repo/db/dbmodel/token.go:86.16,88.3 1 0
github.com/MakaroffAV/backend-bootcamp-assignment-2024/internal/repo/db/dbmodel/token.go:88.8,90.3 1 1
github.com/MakaroffAV/backend-bootcamp-assignment-2024/internal/repo/db/dbmodel/user.go:63.31,67.2 1 1
github.com/MakaroffAV/backend-bootcamp-assignment-2024/internal/repo/db/dbmodel/user.go:69.52,77.2 3 1
github.com/MakaroffAV/backend-bootcamp-assignment-2024/internal/repo/db/dbmodel/user.go:79.70,89.2 3 1
github.com/MakaroffAV/backend-bootcamp-assignment-2024/internal/repo/db/dbmodel/user.go:92.74,100.16 3 1
github.com/MakaroffAV/backend-bootcamp-assignment-2024/internal/repo/db/dbmodel/user.go:100.16,102.3 1 0
github.com/MakaroffAV/backend-bootcamp-assignment-2024/internal/repo/db/dbmodel/user.go:102.8,104.3 1 1
github.com/MakaroffAV/backend-bootcamp-assignment-2024/internal/server/server.go:24.10,33.2 1 0
github.com/MakaroffAV/backend-bootcamp-assignment-2024/internal/server/server.go:35.28,45.22 3 0
github.com/MakaroffAV/backend-bootcamp-assignment-2024/internal/server/server.go:45.22,47.3 1 0
github.com/MakaroffAV/backend-bootcamp-assignment-2024/internal/server/server.go:48.2,48.41 1 0
github.com/MakaroffAV/backend-bootcamp-assignment-2024/internal/server/handler/flat/flat.go:17.68,22.2 1 0
github.com/MakaroffAV/backend-bootcamp-assignment-2024/internal/server/handler/flat/flat.go:24.62,30.16 3 0
github.com/MakaroffAV/backend-bootcamp-assignment-2024/internal/server/handler/flat/flat.go:30.16,35.3 2 0
github.com/MakaroffAV/backend-bootcamp-assignment-2024/internal/server/handler/flat/flat.go:42.2,50.37 3 0
github.com/MakaroffAV/backend-bootcamp-assignment-2024/internal/server/handler/flat/flat.go:50.37,55.3 2 0
github.com/MakaroffAV/backend-bootcamp-assignment-2024/internal/server/handler/flat/flat.go:58.2,58.63 1 0
github.com/MakaroffAV/backend-bootcamp-assignment-2024/internal/server/handler/flat/flat.go:58.63,62.3 1 0
github.com/MakaroffAV/backend-bootcamp-assignment-2024/internal/server/handler/flat/flat.go:62.8,66.3 1 0
github.com/MakaroffAV/backend-bootcamp-assignment-2024/internal/server/handler/flat/flat.go:68.62,74.16 3 0
github.com/MakaroffAV/backend-bootcamp-assignment-2024/internal/server/handler/flat/flat.go:74.16,79.3 2 0
github.com/MakaroffAV/backend-bootcamp-assignment-2024/internal/server/handler/flat/flat.go:85.2,94.37 3 0
github.com/MakaroffAV/backend-bootcamp-assignment-2024/internal/server/handler/flat/flat.go:94.37,99.3 2 0
github.com/MakaroffAV/backend-bootcamp-assignment-2024/internal/server/handler/flat/flat.go:102.2,102.68 1 0
github.com/MakaroffAV/backend-bootcamp-assignment-2024/internal/server/handler/flat/flat.go:102.68,106.3 1 0
github.com/MakaroffAV/backend-bootcamp-assignment-2024/internal/server/handler/flat/flat.go:106.8,110.3 1 0
github.com/MakaroffAV/backend-bootcamp-assignment-2024/internal/server/handler/flat/flat.go:115.61,128.16 3 0
github.com/MakaroffAV/backend-bootcamp-assignment-2024/internal/server/handler/flat/flat.go:128.16,129.13 1 0
github.com/MakaroffAV/backend-bootcamp-assignment-2024/internal/server/handler/flat/flat.go:132.2,132.17 1 0
github.com/MakaroffAV/backend-bootcamp-assignment-2024/internal/server/handler/flat/flat.go:132.17,136.3 1 0
github.com/MakaroffAV/backend-bootcamp-assignment-2024/internal/server/handler/flat/flat.go:138.2,139.38 2 0
github.com/MakaroffAV/backend-bootcamp-assignment-2024/internal/server/handler/flat/flat.go:139.38,140.13 1 0
github.com/MakaroffAV/backend-bootcamp-assignment-2024/internal/server/handler/flat/flat.go:144.69,146.16 2 0
github.com/MakaroffAV/backend-bootcamp-assignment-2024/internal/server/handler/flat/flat.go:146.16,147.13 1 0
github.com/MakaroffAV/backend-bootcamp-assignment-2024/internal/server/handler/flat/flat.go:150.2,151.38 2 0
github.com/MakaroffAV/backend-bootcamp-assignment-2024/internal/server/handler/flat/flat.go:151.38,152.13 1 0
github.com/MakaroffAV/backend-bootcamp-assignment-2024/internal/server/handler/house/house.go:18.71,23.2 1 0
github.com/MakaroffAV/backend-bootcamp-assignment-2024/internal/server/handler/house/house.go:25.62,30.16 3 0
github.com/MakaroffAV/backend-bootcamp-assignment-2024/internal/server/handler/house/house.go:30.16,35.3 2 0
github.com/MakaroffAV/backend-bootcamp-assignment-2024/internal/server/handler/house/house.go:39.2,40.16 2 0
github.com/MakaroffAV/backend-bootcamp-assignment-2024/internal/server/handler/house/house.go:40.16,45.3 2 0
github.com/MakaroffAV/backend-bootcamp-assignment-2024/internal/server/handler/house/house.go:48.2,48.49 1 0
github.com/MakaroffAV/backend-bootcamp-assignment-2024/internal/server/handler/house/house.go:48.49,52.3 1 0
github.com/MakaroffAV/backend-bootcamp-assignment-2024/internal/server/handler/house/house.go:52.8,56.3 1 0
github.com/MakaroffAV/backend-bootcamp-assignment-2024/internal/server/handler/house/house.go:59.63,65.16 3 0
github.com/MakaroffAV/backend-bootcamp-assignment-2024/internal/server/handler/house/house.go:65.16,70.3 2 0
github.com/MakaroffAV/backend-bootcamp-assignment-2024/internal/server/handler/house/house.go:73.2,81.37 3 0
github.com/MakaroffAV/backend-bootcamp-assignment-2024/internal/server/handler/house/house.go:81.37,86.3 2 0
github.com/MakaroffAV/backend-bootcamp-assignment-2024/internal/server/handler/house/house.go:90.2,90.68 1 0
github.com/MakaroffAV/backend-bootcamp-assignment-2024/internal/server/handler/house/house.go:90.68,94.3 1 0
github.com/MakaroffAV/backend-bootcamp-assignment-2024/internal/server/handler/house/house.go:94.8,98.3 1 0
github.com/MakaroffAV/backend-bootcamp-assignment-2024/internal/server/handler/house/house.go:102.61,115.16 3 0
github.com/MakaroffAV/backend-bootcamp-assignment-2024/internal/server/handler/house/house.go:115.16,116.13 1 0
github.com/MakaroffAV/backend-bootcamp-assignment-2024/internal/server/handler/house/house.go:119.2,119.17 1 0
github.com/MakaroffAV/backend-bootcamp-assignment-2024/internal/server/handler/house/house.go:119.17,123.3 1 0
github.com/MakaroffAV/backend-bootcamp-assignment-2024/internal/server/handler/house/house.go:125.2,126.38 2 0
github.com/MakaroffAV/backend-bootcamp-assignment-2024/internal/server/handler/house/house.go:126.38,127.13 1 0
github.com/MakaroffAV/backend-bootcamp-assignment-2024/internal/server/handler/house/house.go:131.73,139.16 3 0
github.com/MakaroffAV/backend-bootcamp-assignment-2024/internal/server/handler/house/house.go:139.16,140.13 1 0
github.com/MakaroffAV/backend-bootcamp-assignment-2024/internal/server/handler/house/house.go:143.2,144.38 2 0
github.com/MakaroffAV/backend-bootcamp-assignment-2024/internal/server/handler/house/house.go:144.38,145.13 1 0
github.com/MakaroffAV/backend-bootcamp-assignment-2024/internal/server/handler/house/house.go:149.77,151.16 2 0
github.com/MakaroffAV/backend-bootcamp-assignment-2024/internal/server/handler/house/house.go:151.16,152.13 1 0
github.com/MakaroffAV/backend-bootcamp-assignment-2024/internal/server/handler/house/house.go:155.2,156.38 2 0
github.com/MakaroffAV/backend-bootcamp-assignment-2024/internal/server/handler/house/house.go:156.38,157.13 1 0
github.com/MakaroffAV/backend-bootcamp-assignment-2024/internal/server/handler/login/login.go:15.46,19.2 1 0
github.com/MakaroffAV/backend-bootcamp-assignment-2024/internal/server/handler/login/login.go:22.61,35.16 3 0
github.com/MakaroffAV/backend-bootcamp-assignment-2024/internal/server/handler/login/login.go:35.16,36.13 1 0
github.com/MakaroffAV/backend-bootcamp-assignment-2024/internal/server/handler/login/login.go:39.2,39.17 1 0
github.com/MakaroffAV/backend-bootcamp-assignment-2024/internal/server/handler/login/login.go:39.17,43.3 1 0
github.com/MakaroffAV/backend-bootcamp-assignment-2024/internal/server/handler/login/login.go:45.2,46.38 2 0
github.com/MakaroffAV/backend-bootcamp-assignment-2024/internal/server/handler/login/login.go:46.38,47.13 1 0
github.com/MakaroffAV/backend-bootcamp-assignment-2024/internal/server/handler/login/login.go:51.67,59.16 3 0
github.com/MakaroffAV/backend-bootcamp-assignment-2024/internal/server/handler/login/login.go:59.16,60.13 1 0
github.com/MakaroffAV/backend-bootcamp-assignment-2024/internal/server/handler/login/login.go:63.2,64.38 2 0
github.com/MakaroffAV/backend-bootcamp-assignment-2024/internal/server/handler/login/login.go:64.38,65.13 1 0
github.com/MakaroffAV/backend-bootcamp-assignment-2024/internal/server/handler/login/login.go:69.62,78.37 4 0
github.com/MakaroffAV/backend-bootcamp-assignment-2024/internal/server/handler/login/login.go:78.37,83.3 2 0
github.com/MakaroffAV/backend-bootcamp-assignment-2024/internal/server/handler/login/login.go:85.2,86.16 2 0
github.com/MakaroffAV/backend-bootcamp-assignment-2024/internal/server/handler/login/login.go:86.16,91.3 2 0
github.com/MakaroffAV/backend-bootcamp-assignment-2024/internal/server/handler/login/login.go:93.2,93.51 1 0
github.com/MakaroffAV/backend-bootcamp-assignment-2024/internal/server/handler/login/login.go:93.51,97.3 1 0
github.com/MakaroffAV/backend-bootcamp-assignment-2024/internal/server/handler/login/login.go:97.8,101.3 1 0
github.com/MakaroffAV/backend-bootcamp-assignment-2024/internal/server/handler/login/login.go:103.67,109.16 3 0
github.com/MakaroffAV/backend-bootcamp-assignment-2024/internal/server/handler/login/login.go:109.16,111.3 1 0
github.com/MakaroffAV/backend-bootcamp-assignment-2024/internal/server/handler/login/login.go:111.8,116.3 1 0
github.com/MakaroffAV/backend-bootcamp-assignment-2024/internal/server/handler/register/register.go:15.58,19.2 1 0
github.com/MakaroffAV/backend-bootcamp-assignment-2024/internal/server/handler/register/register.go:21.62,31.37 4 0
github.com/MakaroffAV/backend-bootcamp-assignment-2024/internal/server/handler/register/register.go:31.37,36.3 2 0
github.com/MakaroffAV/backend-bootcamp-assignment-2024/internal/server/handler/register/register.go:38.2,38.60 1 0
github.com/MakaroffAV/backend-bootcamp-assignment-2024/internal/server/handler/register/register.go:38.60,42.3 1 0
github.com/MakaroffAV/backend-bootcamp-assignment-2024/internal/server/handler/register/register.go:42.8,46.3 1 0
github.com/MakaroffAV/backend-bootcamp-assignment-2024/internal/server/handler/register/register.go:50.61,63.16 3 0
github.com/MakaroffAV/backend-bootcamp-assignment-2024/internal/server/handler/register/register.go:63.16,64.13 1 0
github.com/MakaroffAV/backend-bootcamp-assignment-2024/internal/server/handler/register/register.go:67.2,67.17 1 0
github.com/MakaroffAV/backend-bootcamp-assignment-2024/internal/server/handler/register/register.go:67.17,71.3 1 0
github.com/MakaroffAV/backend-bootcamp-assignment-2024/internal/server/handler/register/register.go:73.2,74.38 2 0
github.com/MakaroffAV/backend-bootcamp-assignment-2024/internal/server/handler/register/register.go:74.38,75.13 1 0
github.com/MakaroffAV/backend-bootcamp-assignment-2024/internal/server/handler/register/register.go:79.67,87.16 3 0
github.com/MakaroffAV/backend-bootcamp-assignment-2024/internal/server/handler/register/register.go:87.16,88.13 1 0
github.com/MakaroffAV/backend-bootcamp-assignment-2024/internal/server/handler/register/register.go:91.2,92.38 2 0
github.com/MakaroffAV/backend-bootcamp-assignment-2024/internal/server/handler/register/register.go:92.38,93.13 1 0
github.com/MakaroffAV/backend-bootcamp-assignment-2024/internal/server/routes/routes.go:23.41,57.2 1 0
github.com/MakaroffAV/backend-bootcamp-assignment-2024/internal/service/flat.go:25.9,30.2 1 0
github.com/MakaroffAV/backend-bootcamp-assignment-2024/internal/service/flat.go:32.42,43.2 2 0
github.com/MakaroffAV/backend-bootcamp-assignment-2024/internal/service/flat.go:46.73,62.2 3 0
github.com/MakaroffAV/backend-bootcamp-assignment-2024/internal/service/flat.go:65.74,72.30 4 0
github.com/MakaroffAV/backend-bootcamp-assignment-2024/internal/service/flat.go:72.30,76.3 1 0
github.com/MakaroffAV/backend-bootcamp-assignment-2024/internal/service/flat.go:80.2,80.43 1 0
github.com/MakaroffAV/backend-bootcamp-assignment-2024/internal/service/flat.go:80.43,82.3 1 0
github.com/MakaroffAV/backend-bootcamp-assignment-2024/internal/service/flat.go:90.2,91.16 2 0
github.com/MakaroffAV/backend-bootcamp-assignment-2024/internal/service/flat.go:91.16,93.3 1 0
github.com/MakaroffAV/backend-bootcamp-assignment-2024/internal/service/flat.go:94.2,94.46 1 0
github.com/MakaroffAV/backend-bootcamp-assignment-2024/internal/service/flat.go:94.46,98.3 1 0
github.com/MakaroffAV/backend-bootcamp-assignment-2024/internal/service/flat.go:109.2,109.47 1 0
github.com/MakaroffAV/backend-bootcamp-assignment-2024/internal/service/house.go:24.9,30.2 1 0
github.com/MakaroffAV/backend-bootcamp-assignment-2024/internal/service/house.go:32.64,35.16 2 0
github.com/MakaroffAV/backend-bootcamp-assignment-2024/internal/service/house.go:38.10,39.3 1 0
github.com/MakaroffAV/backend-bootcamp-assignment-2024/internal/service/house.go:39.3,43.4 1 0
github.com/MakaroffAV/backend-bootcamp-assignment-2024/internal/service/house.go:46.32,47.3 1 0
github.com/MakaroffAV/backend-bootcamp-assignment-2024/internal/service/house.go:47.3,49.4 1 0
github.com/MakaroffAV/backend-bootcamp-assignment-2024/internal/service/house.go:53.35,54.3 1 0
github.com/MakaroffAV/backend-bootcamp-assignment-2024/internal/service/house.go:54.3,56.4 1 0
github.com/MakaroffAV/backend-bootcamp-assignment-2024/internal/service/house.go:60.102,65.43 2 0
github.com/MakaroffAV/backend-bootcamp-assignment-2024/internal/service/house.go:65.43,67.3 1 0
github.com/MakaroffAV/backend-bootcamp-assignment-2024/internal/service/house.go:69.2,69.53 1 0
github.com/MakaroffAV/backend-bootcamp-assignment-2024/internal/service/login.go:16.30,22.2 1 0
github.com/MakaroffAV/backend-bootcamp-assignment-2024/internal/service/login.go:24.55,30.2 1 0
github.com/MakaroffAV/backend-bootcamp-assignment-2024/internal/service/login.go:32.65,38.16 3 0
github.com/MakaroffAV/backend-bootcamp-assignment-2024/internal/service/login.go:38.16,40.3 1 0
github.com/MakaroffAV/backend-bootcamp-assignment-2024/internal/service/login.go:46.2,46.54 1 0
github.com/MakaroffAV/backend-bootcamp-assignment-2024/internal/service/login.go:49.74,55.2 1 0
github.com/MakaroffAV/backend-bootcamp-assignment-2024/internal/service/register.go:13.47,17.2 1 0
github.com/MakaroffAV/backend-bootcamp-assignment-2024/internal/service/register.go:19.76,23.2 1 0
github.com/MakaroffAV/backend-bootcamp-assignment-2024/internal/service/token.go:12.43,16.2 1 0
github.com/MakaroffAV/backend-bootcamp-assignment-2024/internal/service/token.go:18.62,20.2 1 0
